[debug] [2020-11-09T21:40:49.721Z] ----------------------------------------------------------------------
[debug] [2020-11-09T21:40:49.725Z] Command:       C:\Program Files\nodejs\node.exe C:\Users\ivanl\AppData\Roaming\npm\node_modules\firebase-tools\lib\bin\firebase.js emulators:start
[debug] [2020-11-09T21:40:49.725Z] CLI Version:   8.15.1
[debug] [2020-11-09T21:40:49.725Z] Platform:      win32
[debug] [2020-11-09T21:40:49.725Z] Node Version:  v12.19.0
[debug] [2020-11-09T21:40:49.727Z] Time:          Mon Nov 09 2020 22:40:49 GMT+0100 (GMT+01:00)
[debug] [2020-11-09T21:40:49.727Z] ----------------------------------------------------------------------
[debug] [2020-11-09T21:40:49.727Z] 
[debug] [2020-11-09T21:40:49.735Z] > command requires scopes: ["email","openid","https://www.googleapis.com/auth/cloudplatformprojects.readonly","https://www.googleapis.com/auth/firebase","https://www.googleapis.com/auth/cloud-platform"]
[debug] [2020-11-09T21:40:49.736Z] > authorizing via signed-in user
[info] i  emulators: Starting emulators: functions {"metadata":{"emulator":{"name":"hub"},"message":"Starting emulators: functions"}}
[warn] !  emulators: It seems that you are running multiple instances of the emulator suite for project graffiti-9b570. This may result in unexpected behavior. 
[debug] [2020-11-09T21:40:49.800Z] [hub] writing locator at C:\Users\ivanl\AppData\Local\Temp\hub-graffiti-9b570.json
[warn] !  functions: The following emulators are not running, calls to these services from the Functions emulator will affect production: auth, firestore, database, hosting, pubsub {"metadata":{"emulator":{"name":"functions"},"message":"The following emulators are not running, calls to these services from the Functions emulator will affect production: \u001b[1mauth, firestore, database, hosting, pubsub\u001b[22m"}}
[warn] !  Your requested "node" version "8" doesn't match your global version "12" {"metadata":{"emulator":{"name":"functions"},"message":"Your requested \"node\" version \"8\" doesn't match your global version \"12\""}}
[debug] [2020-11-09T21:40:49.855Z] defaultcredentials: writing to file C:\Users\ivanl\AppData\Roaming\firebase\ivanlpz50_gmail_com_application_default_credentials.json
[debug] [2020-11-09T21:40:49.858Z] Setting GAC to C:\Users\ivanl\AppData\Roaming\firebase\ivanlpz50_gmail_com_application_default_credentials.json {"metadata":{"emulator":{"name":"functions"},"message":"Setting GAC to C:\\Users\\ivanl\\AppData\\Roaming\\firebase\\ivanlpz50_gmail_com_application_default_credentials.json"}}
[warn] !  ui: Emulator UI unable to start on port 4000, starting on 4012 instead. {"metadata":{"emulator":{"name":"ui"},"message":"Emulator UI unable to start on port 4000, starting on 4012 instead."}}
[debug] [2020-11-09T21:40:50.054Z] Ignoring unsupported arg: auto_download {"metadata":{"emulator":{"name":"ui"},"message":"Ignoring unsupported arg: auto_download"}}
[debug] [2020-11-09T21:40:50.054Z] Ignoring unsupported arg: port {"metadata":{"emulator":{"name":"ui"},"message":"Ignoring unsupported arg: port"}}
[debug] [2020-11-09T21:40:50.054Z] Starting Emulator UI with command {"binary":"node","args":["C:\\Users\\ivanl\\.cache\\firebase\\emulators\\ui-v1.2.2\\server.bundle.js"],"optionalArgs":[],"joinArgs":false} {"metadata":{"emulator":{"name":"ui"},"message":"Starting Emulator UI with command {\"binary\":\"node\",\"args\":[\"C:\\\\Users\\\\ivanl\\\\.cache\\\\firebase\\\\emulators\\\\ui-v1.2.2\\\\server.bundle.js\"],\"optionalArgs\":[],\"joinArgs\":false}"}}
[info] i  ui: Emulator UI logging to ui-debug.log {"metadata":{"emulator":{"name":"ui"},"message":"Emulator UI logging to \u001b[1mui-debug.log\u001b[22m"}}
[debug] [2020-11-09T21:40:50.202Z] Web / API server started at http://localhost:4012
 {"metadata":{"emulator":{"name":"ui"},"message":"Web / API server started at http://localhost:4012\n"}}
[info] i  functions: Watching "C:\Users\ivanl\Documents\AngularProjects\Graffiti\Graffiti\functions" for Cloud Functions... {"metadata":{"emulator":{"name":"functions"},"message":"Watching \"C:\\Users\\ivanl\\Documents\\AngularProjects\\Graffiti\\Graffiti\\functions\" for Cloud Functions..."}}
[debug] [2020-11-09T21:40:50.376Z] [worker-pool] addWorker(~diagnostic~) {"metadata":{"emulator":{"name":"functions"},"message":"[worker-pool] addWorker(~diagnostic~)"}}
[debug] [2020-11-09T21:40:50.377Z] [worker-pool] Adding worker with key ~diagnostic~, total=1 {"metadata":{"emulator":{"name":"functions"},"message":"[worker-pool] Adding worker with key ~diagnostic~, total=1"}}
[debug] [2020-11-09T21:40:50.377Z] [worker-pool] submitWork(triggerId=) {"metadata":{"emulator":{"name":"functions"},"message":"[worker-pool] submitWork(triggerId=)"}}
[debug] [2020-11-09T21:40:50.377Z] [worker-~diagnostic~-6d42edbe-e553-49ba-b7a8-cf0639ccb09a]: Assigning socketPath: \\?\pipe\C:\Users\ivanl\Documents\AngularProjects\Graffiti\Graffiti\functions\16564 {"metadata":{"emulator":{"name":"functions"},"message":"[worker-~diagnostic~-6d42edbe-e553-49ba-b7a8-cf0639ccb09a]: Assigning socketPath: \\\\?\\pipe\\C:\\Users\\ivanl\\Documents\\AngularProjects\\Graffiti\\Graffiti\\functions\\16564"}}
[debug] [2020-11-09T21:40:50.378Z] [worker-~diagnostic~-6d42edbe-e553-49ba-b7a8-cf0639ccb09a]: BUSY {"metadata":{"emulator":{"name":"functions"},"message":"[worker-~diagnostic~-6d42edbe-e553-49ba-b7a8-cf0639ccb09a]: BUSY"}}
[debug] [2020-11-09T21:40:50.876Z] [runtime-status] [16564] Functions runtime initialized. {"cwd":"C:\\Users\\ivanl\\Documents\\AngularProjects\\Graffiti\\Graffiti\\functions","node_version":"12.19.0"} {"metadata":{"emulator":{"name":"functions"},"message":"[runtime-status] [16564] Functions runtime initialized. {\"cwd\":\"C:\\\\Users\\\\ivanl\\\\Documents\\\\AngularProjects\\\\Graffiti\\\\Graffiti\\\\functions\",\"node_version\":\"12.19.0\"}"}}
[debug] [2020-11-09T21:40:50.880Z] [runtime-status] [16564] Disabled runtime features: undefined {"metadata":{"emulator":{"name":"functions"},"message":"[runtime-status] [16564] Disabled runtime features: undefined"}}
[debug] [2020-11-09T21:40:50.885Z] [runtime-status] [16564] Resolved module firebase-admin {"declared":true,"installed":true,"version":"9.3.0","resolution":"C:\\Users\\ivanl\\Documents\\AngularProjects\\Graffiti\\Graffiti\\functions\\node_modules\\firebase-admin\\lib\\index.js"} {"metadata":{"emulator":{"name":"functions"},"message":"[runtime-status] [16564] Resolved module firebase-admin {\"declared\":true,\"installed\":true,\"version\":\"9.3.0\",\"resolution\":\"C:\\\\Users\\\\ivanl\\\\Documents\\\\AngularProjects\\\\Graffiti\\\\Graffiti\\\\functions\\\\node_modules\\\\firebase-admin\\\\lib\\\\index.js\"}"}}
[debug] [2020-11-09T21:40:50.889Z] [runtime-status] [16564] Resolved module firebase-functions {"declared":true,"installed":true,"version":"3.11.0","resolution":"C:\\Users\\ivanl\\Documents\\AngularProjects\\Graffiti\\Graffiti\\functions\\node_modules\\firebase-functions\\lib\\index.js"} {"metadata":{"emulator":{"name":"functions"},"message":"[runtime-status] [16564] Resolved module firebase-functions {\"declared\":true,\"installed\":true,\"version\":\"3.11.0\",\"resolution\":\"C:\\\\Users\\\\ivanl\\\\Documents\\\\AngularProjects\\\\Graffiti\\\\Graffiti\\\\functions\\\\node_modules\\\\firebase-functions\\\\lib\\\\index.js\"}"}}
[debug] [2020-11-09T21:40:50.889Z] [runtime-status] [16564] Resolved module firebase-functions {"declared":true,"installed":true,"version":"3.11.0","resolution":"C:\\Users\\ivanl\\Documents\\AngularProjects\\Graffiti\\Graffiti\\functions\\node_modules\\firebase-functions\\lib\\index.js"} {"metadata":{"emulator":{"name":"functions"},"message":"[runtime-status] [16564] Resolved module firebase-functions {\"declared\":true,\"installed\":true,\"version\":\"3.11.0\",\"resolution\":\"C:\\\\Users\\\\ivanl\\\\Documents\\\\AngularProjects\\\\Graffiti\\\\Graffiti\\\\functions\\\\node_modules\\\\firebase-functions\\\\lib\\\\index.js\"}"}}
[debug] [2020-11-09T21:40:50.891Z] [runtime-status] [16564] Outgoing network have been stubbed. [{"name":"http","status":"mocked"},{"name":"http","status":"mocked"},{"name":"https","status":"mocked"},{"name":"https","status":"mocked"},{"name":"net","status":"mocked"}] {"metadata":{"emulator":{"name":"functions"},"message":"[runtime-status] [16564] Outgoing network have been stubbed. [{\"name\":\"http\",\"status\":\"mocked\"},{\"name\":\"http\",\"status\":\"mocked\"},{\"name\":\"https\",\"status\":\"mocked\"},{\"name\":\"https\",\"status\":\"mocked\"},{\"name\":\"net\",\"status\":\"mocked\"}]"}}
[debug] [2020-11-09T21:40:50.891Z] [runtime-status] [16564] Resolved module firebase-functions {"declared":true,"installed":true,"version":"3.11.0","resolution":"C:\\Users\\ivanl\\Documents\\AngularProjects\\Graffiti\\Graffiti\\functions\\node_modules\\firebase-functions\\lib\\index.js"} {"metadata":{"emulator":{"name":"functions"},"message":"[runtime-status] [16564] Resolved module firebase-functions {\"declared\":true,\"installed\":true,\"version\":\"3.11.0\",\"resolution\":\"C:\\\\Users\\\\ivanl\\\\Documents\\\\AngularProjects\\\\Graffiti\\\\Graffiti\\\\functions\\\\node_modules\\\\firebase-functions\\\\lib\\\\index.js\"}"}}
[debug] [2020-11-09T21:40:50.936Z] [runtime-status] [16564] Checked functions.config() {"config":{}} {"metadata":{"emulator":{"name":"functions"},"message":"[runtime-status] [16564] Checked functions.config() {\"config\":{}}"}}
[debug] [2020-11-09T21:40:50.936Z] [runtime-status] [16564] firebase-functions has been stubbed. {"functionsResolution":{"declared":true,"installed":true,"version":"3.11.0","resolution":"C:\\Users\\ivanl\\Documents\\AngularProjects\\Graffiti\\Graffiti\\functions\\node_modules\\firebase-functions\\lib\\index.js"}} {"metadata":{"emulator":{"name":"functions"},"message":"[runtime-status] [16564] firebase-functions has been stubbed. {\"functionsResolution\":{\"declared\":true,\"installed\":true,\"version\":\"3.11.0\",\"resolution\":\"C:\\\\Users\\\\ivanl\\\\Documents\\\\AngularProjects\\\\Graffiti\\\\Graffiti\\\\functions\\\\node_modules\\\\firebase-functions\\\\lib\\\\index.js\"}}"}}
[debug] [2020-11-09T21:40:50.937Z] [runtime-status] [16564] Resolved module firebase-functions {"declared":true,"installed":true,"version":"3.11.0","resolution":"C:\\Users\\ivanl\\Documents\\AngularProjects\\Graffiti\\Graffiti\\functions\\node_modules\\firebase-functions\\lib\\index.js"} {"metadata":{"emulator":{"name":"functions"},"message":"[runtime-status] [16564] Resolved module firebase-functions {\"declared\":true,\"installed\":true,\"version\":\"3.11.0\",\"resolution\":\"C:\\\\Users\\\\ivanl\\\\Documents\\\\AngularProjects\\\\Graffiti\\\\Graffiti\\\\functions\\\\node_modules\\\\firebase-functions\\\\lib\\\\index.js\"}"}}
[debug] [2020-11-09T21:40:50.938Z] [runtime-status] [16564] Resolved module firebase-admin {"declared":true,"installed":true,"version":"9.3.0","resolution":"C:\\Users\\ivanl\\Documents\\AngularProjects\\Graffiti\\Graffiti\\functions\\node_modules\\firebase-admin\\lib\\index.js"} {"metadata":{"emulator":{"name":"functions"},"message":"[runtime-status] [16564] Resolved module firebase-admin {\"declared\":true,\"installed\":true,\"version\":\"9.3.0\",\"resolution\":\"C:\\\\Users\\\\ivanl\\\\Documents\\\\AngularProjects\\\\Graffiti\\\\Graffiti\\\\functions\\\\node_modules\\\\firebase-admin\\\\lib\\\\index.js\"}"}}
[debug] [2020-11-09T21:40:50.938Z] [runtime-status] [16564] Resolved module firebase-functions {"declared":true,"installed":true,"version":"3.11.0","resolution":"C:\\Users\\ivanl\\Documents\\AngularProjects\\Graffiti\\Graffiti\\functions\\node_modules\\firebase-functions\\lib\\index.js"} {"metadata":{"emulator":{"name":"functions"},"message":"[runtime-status] [16564] Resolved module firebase-functions {\"declared\":true,\"installed\":true,\"version\":\"3.11.0\",\"resolution\":\"C:\\\\Users\\\\ivanl\\\\Documents\\\\AngularProjects\\\\Graffiti\\\\Graffiti\\\\functions\\\\node_modules\\\\firebase-functions\\\\lib\\\\index.js\"}"}}
[debug] [2020-11-09T21:40:50.939Z] [runtime-status] [16564] firebase-admin has been stubbed. {"adminResolution":{"declared":true,"installed":true,"version":"9.3.0","resolution":"C:\\Users\\ivanl\\Documents\\AngularProjects\\Graffiti\\Graffiti\\functions\\node_modules\\firebase-admin\\lib\\index.js"}} {"metadata":{"emulator":{"name":"functions"},"message":"[runtime-status] [16564] firebase-admin has been stubbed. {\"adminResolution\":{\"declared\":true,\"installed\":true,\"version\":\"9.3.0\",\"resolution\":\"C:\\\\Users\\\\ivanl\\\\Documents\\\\AngularProjects\\\\Graffiti\\\\Graffiti\\\\functions\\\\node_modules\\\\firebase-admin\\\\lib\\\\index.js\"}}"}}
[debug] [2020-11-09T21:40:50.941Z] [runtime-status] [16564] initializeApp(DEFAULT) {"databaseURL":"https://graffiti-9b570.firebaseio.com","storageBucket":"graffiti-9b570.appspot.com","projectId":"graffiti-9b570"} {"metadata":{"emulator":{"name":"functions"},"message":"[runtime-status] [16564] initializeApp(DEFAULT) {\"databaseURL\":\"https://graffiti-9b570.firebaseio.com\",\"storageBucket\":\"graffiti-9b570.appspot.com\",\"projectId\":\"graffiti-9b570\"}"}}
[info] +  functions[getUser]: http function initialized (http://localhost:5001/graffiti-9b570/us-central1/getUser). {"metadata":{"emulator":{"name":"functions"},"message":"\u001b[1mhttp\u001b[22m function initialized (http://localhost:5001/graffiti-9b570/us-central1/getUser)."}}
[info] +  functions[addMessage]: http function initialized (http://localhost:5001/graffiti-9b570/us-central1/addMessage). {"metadata":{"emulator":{"name":"functions"},"message":"\u001b[1mhttp\u001b[22m function initialized (http://localhost:5001/graffiti-9b570/us-central1/addMessage)."}}
[info] 
┌───────────────────────────────────────────────────────────────────────┐
│ ✔  All emulators ready! View status and logs at http://localhost:4012 │
└───────────────────────────────────────────────────────────────────────┘

┌───────────┬────────────────┬─────────────────────────────────┐
│ Emulator  │ Host:Port      │ View in Emulator UI             │
├───────────┼────────────────┼─────────────────────────────────┤
│ Functions │ localhost:5001 │ http://localhost:4012/functions │
└───────────┴────────────────┴─────────────────────────────────┘
  Other reserved ports: 4400, 4500

Issues? Report them at https://github.com/firebase/firebase-tools/issues and attach the *-debug.log files.
 
[debug] [2020-11-09T21:40:50.951Z] [worker-~diagnostic~-6d42edbe-e553-49ba-b7a8-cf0639ccb09a]: IDLE {"metadata":{"emulator":{"name":"functions"},"message":"[worker-~diagnostic~-6d42edbe-e553-49ba-b7a8-cf0639ccb09a]: IDLE"}}
[debug] [2020-11-09T21:40:55.960Z] [work-queue] {"queueLength":1,"workRunningCount":0}
[debug] [2020-11-09T21:40:55.960Z] [work-queue] {"queueLength":0,"workRunningCount":1}
[debug] [2020-11-09T21:40:55.960Z] Accepted request GET /graffiti-9b570/us-central1/getUser?uid=FoKRWStt9HgFQLJahdLkStQuEI33 --> getUser
[debug] [2020-11-09T21:40:55.968Z] [worker-pool] addWorker(getUser) {"metadata":{"emulator":{"name":"functions"},"message":"[worker-pool] addWorker(getUser)"}}
[debug] [2020-11-09T21:40:55.968Z] [worker-pool] Adding worker with key getUser, total=1 {"metadata":{"emulator":{"name":"functions"},"message":"[worker-pool] Adding worker with key getUser, total=1"}}
[debug] [2020-11-09T21:40:55.968Z] [worker-pool] submitWork(triggerId=getUser) {"metadata":{"emulator":{"name":"functions"},"message":"[worker-pool] submitWork(triggerId=getUser)"}}
[debug] [2020-11-09T21:40:55.968Z] [worker-getUser-deb7b6b6-295d-4851-989e-cd1d1a1b2ddb]: Assigning socketPath: \\?\pipe\C:\Users\ivanl\Documents\AngularProjects\Graffiti\Graffiti\functions\7356 {"metadata":{"emulator":{"name":"functions"},"message":"[worker-getUser-deb7b6b6-295d-4851-989e-cd1d1a1b2ddb]: Assigning socketPath: \\\\?\\pipe\\C:\\Users\\ivanl\\Documents\\AngularProjects\\Graffiti\\Graffiti\\functions\\7356"}}
[debug] [2020-11-09T21:40:55.968Z] [worker-getUser-deb7b6b6-295d-4851-989e-cd1d1a1b2ddb]: BUSY {"metadata":{"emulator":{"name":"functions"},"message":"[worker-getUser-deb7b6b6-295d-4851-989e-cd1d1a1b2ddb]: BUSY"}}
[debug] [2020-11-09T21:40:56.392Z] [runtime-status] [7356] Functions runtime initialized. {"cwd":"C:\\Users\\ivanl\\Documents\\AngularProjects\\Graffiti\\Graffiti\\functions","node_version":"12.19.0"} {"metadata":{"emulator":{"name":"functions"},"function":{"name":"getUser"},"message":"[runtime-status] [7356] Functions runtime initialized. {\"cwd\":\"C:\\\\Users\\\\ivanl\\\\Documents\\\\AngularProjects\\\\Graffiti\\\\Graffiti\\\\functions\",\"node_version\":\"12.19.0\"}"}}
[debug] [2020-11-09T21:40:56.398Z] [runtime-status] [7356] Disabled runtime features: undefined {"metadata":{"emulator":{"name":"functions"},"function":{"name":"getUser"},"message":"[runtime-status] [7356] Disabled runtime features: undefined"}}
[debug] [2020-11-09T21:40:56.404Z] [runtime-status] [7356] Resolved module firebase-admin {"declared":true,"installed":true,"version":"9.3.0","resolution":"C:\\Users\\ivanl\\Documents\\AngularProjects\\Graffiti\\Graffiti\\functions\\node_modules\\firebase-admin\\lib\\index.js"} {"metadata":{"emulator":{"name":"functions"},"function":{"name":"getUser"},"message":"[runtime-status] [7356] Resolved module firebase-admin {\"declared\":true,\"installed\":true,\"version\":\"9.3.0\",\"resolution\":\"C:\\\\Users\\\\ivanl\\\\Documents\\\\AngularProjects\\\\Graffiti\\\\Graffiti\\\\functions\\\\node_modules\\\\firebase-admin\\\\lib\\\\index.js\"}"}}
[debug] [2020-11-09T21:40:56.407Z] [runtime-status] [7356] Resolved module firebase-functions {"declared":true,"installed":true,"version":"3.11.0","resolution":"C:\\Users\\ivanl\\Documents\\AngularProjects\\Graffiti\\Graffiti\\functions\\node_modules\\firebase-functions\\lib\\index.js"} {"metadata":{"emulator":{"name":"functions"},"function":{"name":"getUser"},"message":"[runtime-status] [7356] Resolved module firebase-functions {\"declared\":true,\"installed\":true,\"version\":\"3.11.0\",\"resolution\":\"C:\\\\Users\\\\ivanl\\\\Documents\\\\AngularProjects\\\\Graffiti\\\\Graffiti\\\\functions\\\\node_modules\\\\firebase-functions\\\\lib\\\\index.js\"}"}}
[debug] [2020-11-09T21:40:56.407Z] [runtime-status] [7356] Resolved module firebase-functions {"declared":true,"installed":true,"version":"3.11.0","resolution":"C:\\Users\\ivanl\\Documents\\AngularProjects\\Graffiti\\Graffiti\\functions\\node_modules\\firebase-functions\\lib\\index.js"} {"metadata":{"emulator":{"name":"functions"},"function":{"name":"getUser"},"message":"[runtime-status] [7356] Resolved module firebase-functions {\"declared\":true,\"installed\":true,\"version\":\"3.11.0\",\"resolution\":\"C:\\\\Users\\\\ivanl\\\\Documents\\\\AngularProjects\\\\Graffiti\\\\Graffiti\\\\functions\\\\node_modules\\\\firebase-functions\\\\lib\\\\index.js\"}"}}
[debug] [2020-11-09T21:40:56.409Z] [runtime-status] [7356] Outgoing network have been stubbed. [{"name":"http","status":"mocked"},{"name":"http","status":"mocked"},{"name":"https","status":"mocked"},{"name":"https","status":"mocked"},{"name":"net","status":"mocked"}] {"metadata":{"emulator":{"name":"functions"},"function":{"name":"getUser"},"message":"[runtime-status] [7356] Outgoing network have been stubbed. [{\"name\":\"http\",\"status\":\"mocked\"},{\"name\":\"http\",\"status\":\"mocked\"},{\"name\":\"https\",\"status\":\"mocked\"},{\"name\":\"https\",\"status\":\"mocked\"},{\"name\":\"net\",\"status\":\"mocked\"}]"}}
[debug] [2020-11-09T21:40:56.409Z] [runtime-status] [7356] Resolved module firebase-functions {"declared":true,"installed":true,"version":"3.11.0","resolution":"C:\\Users\\ivanl\\Documents\\AngularProjects\\Graffiti\\Graffiti\\functions\\node_modules\\firebase-functions\\lib\\index.js"} {"metadata":{"emulator":{"name":"functions"},"function":{"name":"getUser"},"message":"[runtime-status] [7356] Resolved module firebase-functions {\"declared\":true,\"installed\":true,\"version\":\"3.11.0\",\"resolution\":\"C:\\\\Users\\\\ivanl\\\\Documents\\\\AngularProjects\\\\Graffiti\\\\Graffiti\\\\functions\\\\node_modules\\\\firebase-functions\\\\lib\\\\index.js\"}"}}
[debug] [2020-11-09T21:40:56.455Z] [runtime-status] [7356] Checked functions.config() {"config":{}} {"metadata":{"emulator":{"name":"functions"},"function":{"name":"getUser"},"message":"[runtime-status] [7356] Checked functions.config() {\"config\":{}}"}}
[debug] [2020-11-09T21:40:56.456Z] [runtime-status] [7356] firebase-functions has been stubbed. {"functionsResolution":{"declared":true,"installed":true,"version":"3.11.0","resolution":"C:\\Users\\ivanl\\Documents\\AngularProjects\\Graffiti\\Graffiti\\functions\\node_modules\\firebase-functions\\lib\\index.js"}} {"metadata":{"emulator":{"name":"functions"},"function":{"name":"getUser"},"message":"[runtime-status] [7356] firebase-functions has been stubbed. {\"functionsResolution\":{\"declared\":true,\"installed\":true,\"version\":\"3.11.0\",\"resolution\":\"C:\\\\Users\\\\ivanl\\\\Documents\\\\AngularProjects\\\\Graffiti\\\\Graffiti\\\\functions\\\\node_modules\\\\firebase-functions\\\\lib\\\\index.js\"}}"}}
[debug] [2020-11-09T21:40:56.457Z] [runtime-status] [7356] Resolved module firebase-functions {"declared":true,"installed":true,"version":"3.11.0","resolution":"C:\\Users\\ivanl\\Documents\\AngularProjects\\Graffiti\\Graffiti\\functions\\node_modules\\firebase-functions\\lib\\index.js"} {"metadata":{"emulator":{"name":"functions"},"function":{"name":"getUser"},"message":"[runtime-status] [7356] Resolved module firebase-functions {\"declared\":true,\"installed\":true,\"version\":\"3.11.0\",\"resolution\":\"C:\\\\Users\\\\ivanl\\\\Documents\\\\AngularProjects\\\\Graffiti\\\\Graffiti\\\\functions\\\\node_modules\\\\firebase-functions\\\\lib\\\\index.js\"}"}}
[debug] [2020-11-09T21:40:56.458Z] [runtime-status] [7356] Resolved module firebase-admin {"declared":true,"installed":true,"version":"9.3.0","resolution":"C:\\Users\\ivanl\\Documents\\AngularProjects\\Graffiti\\Graffiti\\functions\\node_modules\\firebase-admin\\lib\\index.js"} {"metadata":{"emulator":{"name":"functions"},"function":{"name":"getUser"},"message":"[runtime-status] [7356] Resolved module firebase-admin {\"declared\":true,\"installed\":true,\"version\":\"9.3.0\",\"resolution\":\"C:\\\\Users\\\\ivanl\\\\Documents\\\\AngularProjects\\\\Graffiti\\\\Graffiti\\\\functions\\\\node_modules\\\\firebase-admin\\\\lib\\\\index.js\"}"}}
[debug] [2020-11-09T21:40:56.458Z] [runtime-status] [7356] Resolved module firebase-functions {"declared":true,"installed":true,"version":"3.11.0","resolution":"C:\\Users\\ivanl\\Documents\\AngularProjects\\Graffiti\\Graffiti\\functions\\node_modules\\firebase-functions\\lib\\index.js"} {"metadata":{"emulator":{"name":"functions"},"function":{"name":"getUser"},"message":"[runtime-status] [7356] Resolved module firebase-functions {\"declared\":true,\"installed\":true,\"version\":\"3.11.0\",\"resolution\":\"C:\\\\Users\\\\ivanl\\\\Documents\\\\AngularProjects\\\\Graffiti\\\\Graffiti\\\\functions\\\\node_modules\\\\firebase-functions\\\\lib\\\\index.js\"}"}}
[debug] [2020-11-09T21:40:56.458Z] [runtime-status] [7356] firebase-admin has been stubbed. {"adminResolution":{"declared":true,"installed":true,"version":"9.3.0","resolution":"C:\\Users\\ivanl\\Documents\\AngularProjects\\Graffiti\\Graffiti\\functions\\node_modules\\firebase-admin\\lib\\index.js"}} {"metadata":{"emulator":{"name":"functions"},"function":{"name":"getUser"},"message":"[runtime-status] [7356] firebase-admin has been stubbed. {\"adminResolution\":{\"declared\":true,\"installed\":true,\"version\":\"9.3.0\",\"resolution\":\"C:\\\\Users\\\\ivanl\\\\Documents\\\\AngularProjects\\\\Graffiti\\\\Graffiti\\\\functions\\\\node_modules\\\\firebase-admin\\\\lib\\\\index.js\"}}"}}
[debug] [2020-11-09T21:40:56.461Z] [runtime-status] [7356] initializeApp(DEFAULT) {"databaseURL":"https://graffiti-9b570.firebaseio.com","storageBucket":"graffiti-9b570.appspot.com","projectId":"graffiti-9b570"} {"metadata":{"emulator":{"name":"functions"},"function":{"name":"getUser"},"message":"[runtime-status] [7356] initializeApp(DEFAULT) {\"databaseURL\":\"https://graffiti-9b570.firebaseio.com\",\"storageBucket\":\"graffiti-9b570.appspot.com\",\"projectId\":\"graffiti-9b570\"}"}}
[debug] [2020-11-09T21:40:56.463Z] [runtime-status] [7356] Trigger "getUser" has been found, beginning invocation! {"metadata":{"emulator":{"name":"functions"},"function":{"name":"getUser"},"message":"[runtime-status] [7356] Trigger \"getUser\" has been found, beginning invocation!"}}
[info] i  functions: Beginning execution of "getUser" {"metadata":{"emulator":{"name":"functions"},"function":{"name":"getUser"},"message":"Beginning execution of \"getUser\""}}
[debug] [2020-11-09T21:40:56.464Z] [runtime-status] [7356] triggerDefinition {"httpsTrigger":{},"name":"getUser","entryPoint":"getUser"} {"metadata":{"emulator":{"name":"functions"},"function":{"name":"getUser"},"message":"[runtime-status] [7356] triggerDefinition {\"httpsTrigger\":{},\"name\":\"getUser\",\"entryPoint\":\"getUser\"}"}}
[debug] [2020-11-09T21:40:56.464Z] [runtime-status] [7356] Running getUser in mode HTTPS {"metadata":{"emulator":{"name":"functions"},"function":{"name":"getUser"},"message":"[runtime-status] [7356] Running getUser in mode HTTPS"}}
[debug] [2020-11-09T21:40:56.468Z] [runtime-status] [7356] Attempting to listen to socketPath: \\?\pipe\C:\Users\ivanl\Documents\AngularProjects\Graffiti\Graffiti\functions\7356 {"metadata":{"emulator":{"name":"functions"},"function":{"name":"getUser"},"message":"[runtime-status] [7356] Attempting to listen to socketPath: \\\\?\\pipe\\C:\\Users\\ivanl\\Documents\\AngularProjects\\Graffiti\\Graffiti\\functions\\7356"}}
[debug] [2020-11-09T21:40:56.470Z] [functions] Runtime ready! Sending request! {"metadata":{"emulator":{"name":"functions"},"message":"[functions] Runtime ready! Sending request!"}}
[debug] [2020-11-09T21:40:56.480Z] [runtime-status] [7356] Ephemeral server handling GET request {"metadata":{"emulator":{"name":"functions"},"function":{"name":"getUser"},"message":"[runtime-status] [7356] Ephemeral server handling GET request"}}
[warn] !  functions: The Cloud Firestore emulator is not running, so calls to Firestore will affect production. {"metadata":{"emulator":{"name":"functions"},"function":{"name":"getUser"},"message":"The Cloud Firestore emulator is not running, so calls to Firestore will affect production."}}
[debug] [2020-11-09T21:40:56.786Z] [runtime-status] [7356] Ephemeral server survived. {"metadata":{"emulator":{"name":"functions"},"function":{"name":"getUser"},"message":"[runtime-status] [7356] Ephemeral server survived."}}
[warn] !  Google API requested!
   - URL: "https://oauth2.googleapis.com/token"
   - Be careful, this may be a production service. {"metadata":{"emulator":{"name":"functions"},"function":{"name":"getUser"},"message":"Google API requested!\n   - URL: \"https://oauth2.googleapis.com/token\"\n   - Be careful, this may be a production service."}}
[info] i  functions: Finished "getUser" in ~1s {"metadata":{"emulator":{"name":"functions"},"function":{"name":"getUser"},"message":"Finished \"getUser\" in ~1s"}}
[debug] [2020-11-09T21:40:57.353Z] [worker-getUser-deb7b6b6-295d-4851-989e-cd1d1a1b2ddb]: IDLE {"metadata":{"emulator":{"name":"functions"},"message":"[worker-getUser-deb7b6b6-295d-4851-989e-cd1d1a1b2ddb]: IDLE"}}
[debug] [2020-11-09T21:40:57.353Z] [work-queue] {"queueLength":0,"workRunningCount":0}
